生成启动时间为 2017/2/24 10:54:24。
     1>项目“S:\视频检索\目标跟踪和检测_于帅\摘要备用 - 副本\ConsoleApplication11\ConsoleApplication11.vcxproj”在节点 2 上(Build 个目标)。
     1>ClCompile:
         R:\Microsoft Visual Studio 12.0\VC\bin\CL.exe /c /ZI /nologo /W3 /WX- /sdl /Od /Oy- /D WIN32 /D _DEBUG /D _CONSOLE /D _LIB /D _UNICODE /D UNICODE /Gm /EHsc /RTC1 /MDd /GS /fp:precise /Zc:wchar_t /Zc:forScope /Fo"Debug\\" /Fd"Debug\vc120.pdb" /Gd /TP /analyze- /errorReport:prompt CarPedDetector.cpp CornerFinder.cpp MFTracker.cpp Main.cpp MoGFGDetector.cpp Scenerecognition.cpp StrongTreeClassifier.cpp monitor.cpp object.cpp
         object.cpp
     1>s:\视频检索\目标跟踪和检测_于帅\摘要备用 - 副本\consoleapplication11\object.h(36): warning C4244: “参数”: 从“float”转换到“int”，可能丢失数据
         monitor.cpp
     1>s:\视频检索\目标跟踪和检测_于帅\摘要备用 - 副本\consoleapplication11\object.h(36): warning C4244: “参数”: 从“float”转换到“int”，可能丢失数据
     1>s:\视频检索\目标跟踪和检测_于帅\摘要备用 - 副本\consoleapplication11\monitor.cpp(178): warning C4018: “<”: 有符号/无符号不匹配
     1>s:\视频检索\目标跟踪和检测_于帅\摘要备用 - 副本\consoleapplication11\monitor.cpp(211): warning C4244: “参数”: 从“float”转换到“int”，可能丢失数据
     1>s:\视频检索\目标跟踪和检测_于帅\摘要备用 - 副本\consoleapplication11\monitor.cpp(217): warning C4018: “<”: 有符号/无符号不匹配
     1>s:\视频检索\目标跟踪和检测_于帅\摘要备用 - 副本\consoleapplication11\monitor.cpp(293): warning C4244: “参数”: 从“float”转换到“int”，可能丢失数据
     1>s:\视频检索\目标跟踪和检测_于帅\摘要备用 - 副本\consoleapplication11\monitor.cpp(434): warning C4244: “参数”: 从“float”转换到“int”，可能丢失数据
     1>s:\视频检索\目标跟踪和检测_于帅\摘要备用 - 副本\consoleapplication11\monitor.cpp(435): warning C4244: “参数”: 从“float”转换到“int”，可能丢失数据
     1>s:\视频检索\目标跟踪和检测_于帅\摘要备用 - 副本\consoleapplication11\monitor.cpp(436): warning C4244: “参数”: 从“float”转换到“int”，可能丢失数据
     1>s:\视频检索\目标跟踪和检测_于帅\摘要备用 - 副本\consoleapplication11\monitor.cpp(452): warning C4244: “参数”: 从“float”转换到“int”，可能丢失数据
     1>s:\视频检索\目标跟踪和检测_于帅\摘要备用 - 副本\consoleapplication11\monitor.cpp(453): warning C4244: “参数”: 从“float”转换到“int”，可能丢失数据
     1>s:\视频检索\目标跟踪和检测_于帅\摘要备用 - 副本\consoleapplication11\monitor.cpp(458): warning C4244: “参数”: 从“float”转换到“int”，可能丢失数据
     1>s:\视频检索\目标跟踪和检测_于帅\摘要备用 - 副本\consoleapplication11\monitor.cpp(459): warning C4244: “参数”: 从“float”转换到“int”，可能丢失数据
     1>s:\视频检索\目标跟踪和检测_于帅\摘要备用 - 副本\consoleapplication11\monitor.cpp(474): warning C4244: “参数”: 从“float”转换到“int”，可能丢失数据
     1>s:\视频检索\目标跟踪和检测_于帅\摘要备用 - 副本\consoleapplication11\monitor.cpp(479): warning C4244: “参数”: 从“float”转换到“int”，可能丢失数据
     1>s:\视频检索\目标跟踪和检测_于帅\摘要备用 - 副本\consoleapplication11\monitor.cpp(508): warning C4244: “参数”: 从“int”转换到“float”，可能丢失数据
     1>s:\视频检索\目标跟踪和检测_于帅\摘要备用 - 副本\consoleapplication11\monitor.cpp(526): warning C4244: “参数”: 从“float”转换到“int”，可能丢失数据
     1>s:\视频检索\目标跟踪和检测_于帅\摘要备用 - 副本\consoleapplication11\monitor.cpp(544): warning C4244: “初始化”: 从“int”转换到“float”，可能丢失数据
     1>s:\视频检索\目标跟踪和检测_于帅\摘要备用 - 副本\consoleapplication11\monitor.cpp(545): warning C4244: “初始化”: 从“int”转换到“float”，可能丢失数据
     1>s:\视频检索\目标跟踪和检测_于帅\摘要备用 - 副本\consoleapplication11\monitor.cpp(553): warning C4244: “参数”: 从“int”转换到“float”，可能丢失数据
     1>s:\视频检索\目标跟踪和检测_于帅\摘要备用 - 副本\consoleapplication11\monitor.cpp(555): warning C4244: “参数”: 从“int”转换到“float”，可能丢失数据
         StrongTreeClassifier.cpp
     1>s:\视频检索\目标跟踪和检测_于帅\摘要备用 - 副本\consoleapplication11\strongtreeclassifier.cpp(120): warning C4244: “return”: 从“float”转换到“int”，可能丢失数据
         Scenerecognition.cpp
     1>s:\视频检索\目标跟踪和检测_于帅\摘要备用 - 副本\consoleapplication11\scenerecognition.cpp(162): warning C4244: “初始化”: 从“float”转换到“int”，可能丢失数据
     1>s:\视频检索\目标跟踪和检测_于帅\摘要备用 - 副本\consoleapplication11\scenerecognition.cpp(138): warning C4101: “line”: 未引用的局部变量
         MoGFGDetector.cpp
     1>s:\视频检索\目标跟踪和检测_于帅\摘要备用 - 副本\consoleapplication11\object.h(36): warning C4244: “参数”: 从“float”转换到“int”，可能丢失数据
     1>s:\视频检索\目标跟踪和检测_于帅\摘要备用 - 副本\consoleapplication11\mogfgdetector.cpp(345): warning C4305: “初始化”: 从“double”到“float”截断
     1>s:\视频检索\目标跟踪和检测_于帅\摘要备用 - 副本\consoleapplication11\mogfgdetector.cpp(432): warning C4244: “参数”: 从“float”转换到“int”，可能丢失数据
     1>s:\视频检索\目标跟踪和检测_于帅\摘要备用 - 副本\consoleapplication11\mogfgdetector.cpp(461): warning C4244: “=”: 从“int”转换到“float”，可能丢失数据
     1>s:\视频检索\目标跟踪和检测_于帅\摘要备用 - 副本\consoleapplication11\mogfgdetector.cpp(462): warning C4244: “=”: 从“int”转换到“float”，可能丢失数据
     1>s:\视频检索\目标跟踪和检测_于帅\摘要备用 - 副本\consoleapplication11\mogfgdetector.cpp(162): warning C4101: “fBuff”: 未引用的局部变量
     1>s:\视频检索\目标跟踪和检测_于帅\摘要备用 - 副本\consoleapplication11\mogfgdetector.cpp(163): warning C4101: “ucBuff”: 未引用的局部变量
     1>s:\视频检索\目标跟踪和检测_于帅\摘要备用 - 副本\consoleapplication11\mogfgdetector.cpp(161): warning C4101: “Sweight2”: 未引用的局部变量
     1>s:\视频检索\目标跟踪和检测_于帅\摘要备用 - 副本\consoleapplication11\mogfgdetector.cpp(739): warning C4244: “=”: 从“double”转换到“unsigned char”，可能丢失数据
     1>s:\视频检索\目标跟踪和检测_于帅\摘要备用 - 副本\consoleapplication11\mogfgdetector.cpp(740): warning C4244: “=”: 从“double”转换到“unsigned char”，可能丢失数据
     1>s:\视频检索\目标跟踪和检测_于帅\摘要备用 - 副本\consoleapplication11\mogfgdetector.cpp(741): warning C4244: “=”: 从“double”转换到“unsigned char”，可能丢失数据
     1>s:\视频检索\目标跟踪和检测_于帅\摘要备用 - 副本\consoleapplication11\mogfgdetector.cpp(744): warning C4244: “=”: 从“int”转换到“float”，可能丢失数据
     1>s:\视频检索\目标跟踪和检测_于帅\摘要备用 - 副本\consoleapplication11\mogfgdetector.cpp(746): warning C4244: “=”: 从“double”转换到“float”，可能丢失数据
     1>s:\视频检索\目标跟踪和检测_于帅\摘要备用 - 副本\consoleapplication11\mogfgdetector.cpp(721): warning C4101: “flagContinue”: 未引用的局部变量
         Main.cpp
     1>s:\视频检索\目标跟踪和检测_于帅\摘要备用 - 副本\consoleapplication11\object.h(36): warning C4244: “参数”: 从“float”转换到“int”，可能丢失数据
         MFTracker.cpp
     1>s:\视频检索\目标跟踪和检测_于帅\摘要备用 - 副本\consoleapplication11\object.h(36): warning C4244: “参数”: 从“float”转换到“int”，可能丢失数据
     1>s:\视频检索\目标跟踪和检测_于帅\摘要备用 - 副本\consoleapplication11\mftracker.cpp(21): warning C4018: “<”: 有符号/无符号不匹配
     1>s:\视频检索\目标跟踪和检测_于帅\摘要备用 - 副本\consoleapplication11\mftracker.cpp(399): warning C4244: “初始化”: 从“const float”转换到“int”，可能丢失数据
     1>s:\视频检索\目标跟踪和检测_于帅\摘要备用 - 副本\consoleapplication11\mftracker.cpp(400): warning C4244: “初始化”: 从“const float”转换到“int”，可能丢失数据
     1>s:\视频检索\目标跟踪和检测_于帅\摘要备用 - 副本\consoleapplication11\mftracker.cpp(401): warning C4244: “初始化”: 从“const float”转换到“int”，可能丢失数据
     1>s:\视频检索\目标跟踪和检测_于帅\摘要备用 - 副本\consoleapplication11\mftracker.cpp(402): warning C4244: “初始化”: 从“const float”转换到“int”，可能丢失数据
     1>s:\视频检索\目标跟踪和检测_于帅\摘要备用 - 副本\consoleapplication11\mftracker.cpp(411): warning C4244: “初始化”: 从“float”转换到“int”，可能丢失数据
     1>s:\视频检索\目标跟踪和检测_于帅\摘要备用 - 副本\consoleapplication11\mftracker.cpp(412): warning C4244: “初始化”: 从“float”转换到“int”，可能丢失数据
     1>s:\视频检索\目标跟踪和检测_于帅\摘要备用 - 副本\consoleapplication11\mftracker.cpp(524): warning C4244: “+=”: 从“float”转换到“int”，可能丢失数据
     1>s:\视频检索\目标跟踪和检测_于帅\摘要备用 - 副本\consoleapplication11\mftracker.cpp(525): warning C4244: “+=”: 从“float”转换到“int”，可能丢失数据
     1>s:\视频检索\目标跟踪和检测_于帅\摘要备用 - 副本\consoleapplication11\mftracker.cpp(586): warning C4244: “初始化”: 从“const float”转换到“int”，可能丢失数据
     1>s:\视频检索\目标跟踪和检测_于帅\摘要备用 - 副本\consoleapplication11\mftracker.cpp(587): warning C4244: “初始化”: 从“const float”转换到“int”，可能丢失数据
     1>s:\视频检索\目标跟踪和检测_于帅\摘要备用 - 副本\consoleapplication11\mftracker.cpp(588): warning C4244: “初始化”: 从“const float”转换到“int”，可能丢失数据
     1>s:\视频检索\目标跟踪和检测_于帅\摘要备用 - 副本\consoleapplication11\mftracker.cpp(589): warning C4244: “初始化”: 从“const float”转换到“int”，可能丢失数据
     1>s:\视频检索\目标跟踪和检测_于帅\摘要备用 - 副本\consoleapplication11\mftracker.cpp(669): warning C4244: “初始化”: 从“const float”转换到“int”，可能丢失数据
     1>s:\视频检索\目标跟踪和检测_于帅\摘要备用 - 副本\consoleapplication11\mftracker.cpp(670): warning C4244: “初始化”: 从“const float”转换到“int”，可能丢失数据
     1>s:\视频检索\目标跟踪和检测_于帅\摘要备用 - 副本\consoleapplication11\mftracker.cpp(671): warning C4244: “初始化”: 从“const float”转换到“int”，可能丢失数据
     1>s:\视频检索\目标跟踪和检测_于帅\摘要备用 - 副本\consoleapplication11\mftracker.cpp(672): warning C4244: “初始化”: 从“const float”转换到“int”，可能丢失数据
     1>s:\视频检索\目标跟踪和检测_于帅\摘要备用 - 副本\consoleapplication11\mftracker.cpp(732): warning C4244: “初始化”: 从“const double”转换到“int”，可能丢失数据
     1>s:\视频检索\目标跟踪和检测_于帅\摘要备用 - 副本\consoleapplication11\mftracker.cpp(770): warning C4101: “stepx”: 未引用的局部变量
     1>s:\视频检索\目标跟踪和检测_于帅\摘要备用 - 副本\consoleapplication11\mftracker.cpp(770): warning C4101: “stepy”: 未引用的局部变量
     1>s:\视频检索\目标跟踪和检测_于帅\摘要备用 - 副本\consoleapplication11\mftracker.cpp(824): warning C4244: “初始化”: 从“float”转换到“int”，可能丢失数据
     1>s:\视频检索\目标跟踪和检测_于帅\摘要备用 - 副本\consoleapplication11\mftracker.cpp(825): warning C4244: “初始化”: 从“float”转换到“int”，可能丢失数据
     1>s:\视频检索\目标跟踪和检测_于帅\摘要备用 - 副本\consoleapplication11\mftracker.cpp(905): warning C4244: “return”: 从“double”转换到“float”，可能丢失数据
     1>s:\视频检索\目标跟踪和检测_于帅\摘要备用 - 副本\consoleapplication11\mftracker.cpp(823): warning C4101: “dL”: 未引用的局部变量
     1>s:\视频检索\目标跟踪和检测_于帅\摘要备用 - 副本\consoleapplication11\mftracker.cpp(823): warning C4101: “dC”: 未引用的局部变量
     1>s:\视频检索\目标跟踪和检测_于帅\摘要备用 - 副本\consoleapplication11\mftracker.cpp(926): warning C4305: “初始化”: 从“double”到“float”截断
     1>s:\视频检索\目标跟踪和检测_于帅\摘要备用 - 副本\consoleapplication11\mftracker.cpp(1026): warning C4244: “参数”: 从“float”转换到“int”，可能丢失数据
     1>s:\视频检索\目标跟踪和检测_于帅\摘要备用 - 副本\consoleapplication11\mftracker.cpp(1030): warning C4244: “参数”: 从“float”转换到“int”，可能丢失数据
     1>s:\视频检索\目标跟踪和检测_于帅\摘要备用 - 副本\consoleapplication11\mftracker.cpp(1042): warning C4244: “=”: 从“double”转换到“float”，可能丢失数据
     1>s:\视频检索\目标跟踪和检测_于帅\摘要备用 - 副本\consoleapplication11\mftracker.cpp(1043): warning C4244: “=”: 从“double”转换到“float”，可能丢失数据
     1>s:\视频检索\目标跟踪和检测_于帅\摘要备用 - 副本\consoleapplication11\mftracker.cpp(1051): warning C4244: “=”: 从“int”转换到“float”，可能丢失数据
     1>s:\视频检索\目标跟踪和检测_于帅\摘要备用 - 副本\consoleapplication11\mftracker.cpp(1073): warning C4018: “<”: 有符号/无符号不匹配
     1>s:\视频检索\目标跟踪和检测_于帅\摘要备用 - 副本\consoleapplication11\mftracker.cpp(1097): warning C4018: “<”: 有符号/无符号不匹配
     1>s:\视频检索\目标跟踪和检测_于帅\摘要备用 - 副本\consoleapplication11\mftracker.cpp(1147): warning C4244: “初始化”: 从“float”转换到“int”，可能丢失数据
     1>s:\视频检索\目标跟踪和检测_于帅\摘要备用 - 副本\consoleapplication11\mftracker.cpp(1148): warning C4244: “初始化”: 从“float”转换到“int”，可能丢失数据
     1>s:\视频检索\目标跟踪和检测_于帅\摘要备用 - 副本\consoleapplication11\mftracker.cpp(1157): warning C4244: “初始化”: 从“float”转换到“int”，可能丢失数据
     1>s:\视频检索\目标跟踪和检测_于帅\摘要备用 - 副本\consoleapplication11\mftracker.cpp(1159): warning C4244: “初始化”: 从“float”转换到“int”，可能丢失数据
     1>s:\视频检索\目标跟踪和检测_于帅\摘要备用 - 副本\consoleapplication11\mftracker.cpp(1226): warning C4244: “初始化”: 从“int”转换到“float”，可能丢失数据
     1>s:\视频检索\目标跟踪和检测_于帅\摘要备用 - 副本\consoleapplication11\mftracker.cpp(1227): warning C4244: “初始化”: 从“int”转换到“float”，可能丢失数据
     1>s:\视频检索\目标跟踪和检测_于帅\摘要备用 - 副本\consoleapplication11\mftracker.cpp(1233): warning C4244: “=”: 从“int”转换到“float”，可能丢失数据
     1>s:\视频检索\目标跟踪和检测_于帅\摘要备用 - 副本\consoleapplication11\mftracker.cpp(1234): warning C4244: “=”: 从“int”转换到“float”，可能丢失数据
     1>s:\视频检索\目标跟踪和检测_于帅\摘要备用 - 副本\consoleapplication11\mftracker.cpp(1264): warning C4244: “=”: 从“double”转换到“float”，可能丢失数据
     1>s:\视频检索\目标跟踪和检测_于帅\摘要备用 - 副本\consoleapplication11\mftracker.cpp(1270): warning C4244: “=”: 从“double”转换到“float”，可能丢失数据
     1>s:\视频检索\目标跟踪和检测_于帅\摘要备用 - 副本\consoleapplication11\mftracker.cpp(1281): warning C4244: “参数”: 从“float”转换到“int”，可能丢失数据
     1>s:\视频检索\目标跟踪和检测_于帅\摘要备用 - 副本\consoleapplication11\mftracker.cpp(1301): warning C4244: “初始化”: 从“const float”转换到“int”，可能丢失数据
     1>s:\视频检索\目标跟踪和检测_于帅\摘要备用 - 副本\consoleapplication11\mftracker.cpp(1302): warning C4244: “初始化”: 从“const float”转换到“int”，可能丢失数据
     1>s:\视频检索\目标跟踪和检测_于帅\摘要备用 - 副本\consoleapplication11\mftracker.cpp(1324): warning C4244: “参数”: 从“float”转换到“int”，可能丢失数据
     1>s:\视频检索\目标跟踪和检测_于帅\摘要备用 - 副本\consoleapplication11\mftracker.cpp(1325): warning C4244: “参数”: 从“float”转换到“int”，可能丢失数据
     1>s:\视频检索\目标跟踪和检测_于帅\摘要备用 - 副本\consoleapplication11\mftracker.cpp(1326): warning C4244: “参数”: 从“float”转换到“int”，可能丢失数据
     1>s:\视频检索\目标跟踪和检测_于帅\摘要备用 - 副本\consoleapplication11\mftracker.cpp(1327): warning C4244: “参数”: 从“float”转换到“int”，可能丢失数据
     1>s:\视频检索\目标跟踪和检测_于帅\摘要备用 - 副本\consoleapplication11\mftracker.cpp(1334): warning C4244: “=”: 从“float”转换到“int”，可能丢失数据
     1>s:\视频检索\目标跟踪和检测_于帅\摘要备用 - 副本\consoleapplication11\mftracker.cpp(1335): warning C4244: “=”: 从“float”转换到“int”，可能丢失数据
     1>s:\视频检索\目标跟踪和检测_于帅\摘要备用 - 副本\consoleapplication11\mftracker.cpp(1348): warning C4244: “初始化”: 从“float”转换到“int”，可能丢失数据
     1>s:\视频检索\目标跟踪和检测_于帅\摘要备用 - 副本\consoleapplication11\mftracker.cpp(1349): warning C4244: “初始化”: 从“float”转换到“int”，可能丢失数据
     1>s:\视频检索\目标跟踪和检测_于帅\摘要备用 - 副本\consoleapplication11\mftracker.cpp(1361): warning C4244: “=”: 从“float”转换到“int”，可能丢失数据
     1>s:\视频检索\目标跟踪和检测_于帅\摘要备用 - 副本\consoleapplication11\mftracker.cpp(1362): warning C4244: “=”: 从“float”转换到“int”，可能丢失数据
     1>s:\视频检索\目标跟踪和检测_于帅\摘要备用 - 副本\consoleapplication11\mftracker.cpp(1420): warning C4553: “==”: 运算符不起任何作用；是否是有意使用“=”的?
     1>s:\视频检索\目标跟踪和检测_于帅\摘要备用 - 副本\consoleapplication11\mftracker.cpp(1438): warning C4244: “=”: 从“double”转换到“float”，可能丢失数据
     1>s:\视频检索\目标跟踪和检测_于帅\摘要备用 - 副本\consoleapplication11\mftracker.cpp(1442): warning C4244: “=”: 从“float”转换到“unsigned char”，可能丢失数据
     1>s:\视频检索\目标跟踪和检测_于帅\摘要备用 - 副本\consoleapplication11\mftracker.cpp(1443): warning C4244: “=”: 从“float”转换到“unsigned char”，可能丢失数据
     1>s:\视频检索\目标跟踪和检测_于帅\摘要备用 - 副本\consoleapplication11\mftracker.cpp(1444): warning C4244: “=”: 从“float”转换到“unsigned char”，可能丢失数据
     1>s:\视频检索\目标跟踪和检测_于帅\摘要备用 - 副本\consoleapplication11\mftracker.cpp(1514): warning C4244: “初始化”: 从“float”转换到“int”，可能丢失数据
     1>s:\视频检索\目标跟踪和检测_于帅\摘要备用 - 副本\consoleapplication11\mftracker.cpp(1603): warning C4244: “参数”: 从“float”转换到“int”，可能丢失数据
     1>s:\视频检索\目标跟踪和检测_于帅\摘要备用 - 副本\consoleapplication11\mftracker.cpp(1614): warning C4244: “参数”: 从“float”转换到“int”，可能丢失数据
     1>s:\视频检索\目标跟踪和检测_于帅\摘要备用 - 副本\consoleapplication11\mftracker.cpp(1625): warning C4244: “=”: 从“double”转换到“float”，可能丢失数据
         CornerFinder.cpp
     1>s:\视频检索\目标跟踪和检测_于帅\摘要备用 - 副本\consoleapplication11\object.h(36): warning C4244: “参数”: 从“float”转换到“int”，可能丢失数据
     1>s:\视频检索\目标跟踪和检测_于帅\摘要备用 - 副本\consoleapplication11\cornerfinder.cpp(85): warning C4244: “参数”: 从“float”转换到“int”，可能丢失数据
     1>s:\视频检索\目标跟踪和检测_于帅\摘要备用 - 副本\consoleapplication11\cornerfinder.cpp(104): warning C4244: “=”: 从“double”转换到“float”，可能丢失数据
     1>s:\视频检索\目标跟踪和检测_于帅\摘要备用 - 副本\consoleapplication11\cornerfinder.cpp(116): warning C4244: “=”: 从“double”转换到“float”，可能丢失数据
     1>s:\视频检索\目标跟踪和检测_于帅\摘要备用 - 副本\consoleapplication11\cornerfinder.cpp(137): warning C4244: “初始化”: 从“double”转换到“float”，可能丢失数据
     1>s:\视频检索\目标跟踪和检测_于帅\摘要备用 - 副本\consoleapplication11\cornerfinder.cpp(145): warning C4305: “return”: 从“double”到“float”截断
         CarPedDetector.cpp
     1>s:\视频检索\目标跟踪和检测_于帅\摘要备用 - 副本\consoleapplication11\carpeddetector.cpp(29): warning C4305: “=”: 从“double”到“float”截断
     1>s:\视频检索\目标跟踪和检测_于帅\摘要备用 - 副本\consoleapplication11\carpeddetector.cpp(30): warning C4305: “=”: 从“double”到“float”截断
     1>s:\视频检索\目标跟踪和检测_于帅\摘要备用 - 副本\consoleapplication11\carpeddetector.cpp(31): warning C4305: “=”: 从“double”到“float”截断
     1>s:\视频检索\目标跟踪和检测_于帅\摘要备用 - 副本\consoleapplication11\carpeddetector.cpp(32): warning C4305: “=”: 从“double”到“float”截断
     1>s:\视频检索\目标跟踪和检测_于帅\摘要备用 - 副本\consoleapplication11\carpeddetector.cpp(34): warning C4305: “=”: 从“double”到“float”截断
     1>s:\视频检索\目标跟踪和检测_于帅\摘要备用 - 副本\consoleapplication11\carpeddetector.cpp(35): warning C4305: “=”: 从“double”到“float”截断
     1>s:\视频检索\目标跟踪和检测_于帅\摘要备用 - 副本\consoleapplication11\carpeddetector.cpp(36): warning C4305: “=”: 从“double”到“float”截断
     1>s:\视频检索\目标跟踪和检测_于帅\摘要备用 - 副本\consoleapplication11\carpeddetector.cpp(37): warning C4305: “=”: 从“double”到“float”截断
     1>s:\视频检索\目标跟踪和检测_于帅\摘要备用 - 副本\consoleapplication11\carpeddetector.cpp(132): warning C4244: “=”: 从“double”转换到“int”，可能丢失数据
     1>s:\视频检索\目标跟踪和检测_于帅\摘要备用 - 副本\consoleapplication11\carpeddetector.cpp(133): warning C4244: “=”: 从“double”转换到“int”，可能丢失数据
     1>s:\视频检索\目标跟踪和检测_于帅\摘要备用 - 副本\consoleapplication11\carpeddetector.cpp(134): warning C4244: “=”: 从“double”转换到“int”，可能丢失数据
     1>s:\视频检索\目标跟踪和检测_于帅\摘要备用 - 副本\consoleapplication11\carpeddetector.cpp(135): warning C4244: “=”: 从“double”转换到“int”，可能丢失数据
     1>s:\视频检索\目标跟踪和检测_于帅\摘要备用 - 副本\consoleapplication11\carpeddetector.cpp(418): warning C4244: “初始化”: 从“double”转换到“int”，可能丢失数据
     1>s:\视频检索\目标跟踪和检测_于帅\摘要备用 - 副本\consoleapplication11\carpeddetector.cpp(419): warning C4244: “初始化”: 从“double”转换到“int”，可能丢失数据
     1>s:\视频检索\目标跟踪和检测_于帅\摘要备用 - 副本\consoleapplication11\carpeddetector.cpp(448): warning C4244: “=”: 从“double”转换到“int”，可能丢失数据
     1>s:\视频检索\目标跟踪和检测_于帅\摘要备用 - 副本\consoleapplication11\carpeddetector.cpp(468): warning C4244: “初始化”: 从“double”转换到“int”，可能丢失数据
     1>s:\视频检索\目标跟踪和检测_于帅\摘要备用 - 副本\consoleapplication11\carpeddetector.cpp(470): warning C4244: “+=”: 从“double”转换到“float”，可能丢失数据
     1>s:\视频检索\目标跟踪和检测_于帅\摘要备用 - 副本\consoleapplication11\carpeddetector.cpp(481): warning C4244: “=”: 从“double”转换到“float”，可能丢失数据
     1>s:\视频检索\目标跟踪和检测_于帅\摘要备用 - 副本\consoleapplication11\carpeddetector.cpp(405): warning C4101: “CurrentHog”: 未引用的局部变量
     1>s:\视频检索\目标跟踪和检测_于帅\摘要备用 - 副本\consoleapplication11\carpeddetector.cpp(875): warning C4244: “=”: 从“double”转换到“int”，可能丢失数据
     1>s:\视频检索\目标跟踪和检测_于帅\摘要备用 - 副本\consoleapplication11\carpeddetector.cpp(876): warning C4244: “=”: 从“double”转换到“int”，可能丢失数据
     1>s:\视频检索\目标跟踪和检测_于帅\摘要备用 - 副本\consoleapplication11\carpeddetector.cpp(877): warning C4244: “=”: 从“double”转换到“int”，可能丢失数据
     1>s:\视频检索\目标跟踪和检测_于帅\摘要备用 - 副本\consoleapplication11\carpeddetector.cpp(878): warning C4244: “=”: 从“double”转换到“int”，可能丢失数据
     1>s:\视频检索\目标跟踪和检测_于帅\摘要备用 - 副本\consoleapplication11\carpeddetector.cpp(956): warning C4244: “=”: 从“double”转换到“int”，可能丢失数据
     1>s:\视频检索\目标跟踪和检测_于帅\摘要备用 - 副本\consoleapplication11\carpeddetector.cpp(1066): warning C4244: “初始化”: 从“double”转换到“int”，可能丢失数据
     1>s:\视频检索\目标跟踪和检测_于帅\摘要备用 - 副本\consoleapplication11\carpeddetector.cpp(1068): warning C4244: “初始化”: 从“double”转换到“int”，可能丢失数据
     1>s:\视频检索\目标跟踪和检测_于帅\摘要备用 - 副本\consoleapplication11\carpeddetector.cpp(1069): warning C4244: “初始化”: 从“double”转换到“int”，可能丢失数据
     1>s:\视频检索\目标跟踪和检测_于帅\摘要备用 - 副本\consoleapplication11\carpeddetector.cpp(1070): warning C4244: “初始化”: 从“double”转换到“int”，可能丢失数据
     1>s:\视频检索\目标跟踪和检测_于帅\摘要备用 - 副本\consoleapplication11\carpeddetector.cpp(1084): warning C4244: “=”: 从“double”转换到“int”，可能丢失数据
     1>s:\视频检索\目标跟踪和检测_于帅\摘要备用 - 副本\consoleapplication11\carpeddetector.cpp(1085): warning C4244: “=”: 从“double”转换到“int”，可能丢失数据
     1>s:\视频检索\目标跟踪和检测_于帅\摘要备用 - 副本\consoleapplication11\carpeddetector.cpp(1116): warning C4244: “=”: 从“double”转换到“int”，可能丢失数据
     1>s:\视频检索\目标跟踪和检测_于帅\摘要备用 - 副本\consoleapplication11\carpeddetector.cpp(1117): warning C4244: “=”: 从“double”转换到“int”，可能丢失数据
     1>s:\视频检索\目标跟踪和检测_于帅\摘要备用 - 副本\consoleapplication11\carpeddetector.cpp(1195): warning C4244: “=”: 从“double”转换到“int”，可能丢失数据
     1>s:\视频检索\目标跟踪和检测_于帅\摘要备用 - 副本\consoleapplication11\carpeddetector.cpp(1236): warning C4018: “<”: 有符号/无符号不匹配
         正在生成代码...
       Link:
         R:\Microsoft Visual Studio 12.0\VC\bin\link.exe /ERRORREPORT:PROMPT /OUT:"S:\视频检索\目标跟踪和检测_于帅\摘要备用 - 副本\Debug\Tracking.exe" /INCREMENTAL /NOLOGO opencv_calib3d249d.lib opencv_contrib249d.lib opencv_core249d.lib opencv_features2d249d.lib opencv_flann249d.lib opencv_gpu249d.lib opencv_highgui249d.lib opencv_imgproc249d.lib opencv_legacy249d.lib opencv_ml249d.lib opencv_nonfree249d.lib opencv_objdetect249d.lib opencv_ocl249d.lib opencv_photo249d.lib opencv_stitching249d.lib opencv_superres249d.lib opencv_ts249d.lib opencv_video249d.lib opencv_videostab249d.lib kernel32.lib user32.lib gdi32.lib winspool.lib comdlg32.lib advapi32.lib shell32.lib ole32.lib oleaut32.lib uuid.lib odbc32.lib odbccp32.lib /MANIFEST /MANIFESTUAC:"level='asInvoker' uiAccess='false'" /manifest:embed /DEBUG /PDB:"S:\视频检索\目标跟踪和检测_于帅\摘要备用 - 副本\Debug\Tracking.pdb" /SUBSYSTEM:CONSOLE /TLBID:1 /DYNAMICBASE /NXCOMPAT /IMPLIB:"S:\视频检索\目标跟踪和检测_于帅\摘要备用 - 副本\Debug\Tracking.lib" /MACHINE:X86 Debug\CarPedDetector.obj
         Debug\CornerFinder.obj
         Debug\MFTracker.obj
         Debug\MoGFGDetector.obj
         Debug\monitor.obj
         Debug\object.obj
         Debug\Main.obj
         Debug\Scenerecognition.obj
         Debug\StrongTreeClassifier.obj
         ConsoleApplication11.vcxproj -> S:\视频检索\目标跟踪和检测_于帅\摘要备用 - 副本\Debug\Tracking.exe
     1>已完成生成项目“S:\视频检索\目标跟踪和检测_于帅\摘要备用 - 副本\ConsoleApplication11\ConsoleApplication11.vcxproj”(Build 个目标)的操作。

生成成功。

已用时间 00:00:11.26
