生成启动时间为 2017/2/25 14:06:16。
     1>项目“S:\视频检索\目标跟踪和检测_于帅\摘要备用 - 副本\ConsoleApplication11\ConsoleApplication11.vcxproj”在节点 2 上(Rebuild 个目标)。
     1>ClCompile:
         R:\Microsoft Visual Studio 12.0\VC\bin\CL.exe /c /Zi /nologo /W3 /WX- /sdl /O2 /Oi /Oy- /GL /D WIN32 /D NDEBUG /D _CONSOLE /D _LIB /D _UNICODE /D UNICODE /Gm- /EHsc /MD /GS /Gy /fp:precise /Zc:wchar_t /Zc:forScope /Fo"Release\\" /Fd"Release\vc120.pdb" /Gd /TP /analyze- /errorReport:prompt CarPedDetector.cpp CornerFinder.cpp MFTracker.cpp MoGFGDetector.cpp monitor.cpp object.cpp Main.cpp Scenerecognition.cpp StrongTreeClassifier.cpp
         CarPedDetector.cpp
     1>CarPedDetector.cpp(29): warning C4305: “=”: 从“double”到“float”截断
     1>CarPedDetector.cpp(30): warning C4305: “=”: 从“double”到“float”截断
     1>CarPedDetector.cpp(31): warning C4305: “=”: 从“double”到“float”截断
     1>CarPedDetector.cpp(32): warning C4305: “=”: 从“double”到“float”截断
     1>CarPedDetector.cpp(34): warning C4305: “=”: 从“double”到“float”截断
     1>CarPedDetector.cpp(35): warning C4305: “=”: 从“double”到“float”截断
     1>CarPedDetector.cpp(36): warning C4305: “=”: 从“double”到“float”截断
     1>CarPedDetector.cpp(37): warning C4305: “=”: 从“double”到“float”截断
     1>CarPedDetector.cpp(132): warning C4244: “=”: 从“double”转换到“int”，可能丢失数据
     1>CarPedDetector.cpp(133): warning C4244: “=”: 从“double”转换到“int”，可能丢失数据
     1>CarPedDetector.cpp(134): warning C4244: “=”: 从“double”转换到“int”，可能丢失数据
     1>CarPedDetector.cpp(135): warning C4244: “=”: 从“double”转换到“int”，可能丢失数据
     1>CarPedDetector.cpp(418): warning C4244: “初始化”: 从“double”转换到“int”，可能丢失数据
     1>CarPedDetector.cpp(419): warning C4244: “初始化”: 从“double”转换到“int”，可能丢失数据
     1>CarPedDetector.cpp(448): warning C4244: “=”: 从“double”转换到“int”，可能丢失数据
     1>CarPedDetector.cpp(468): warning C4244: “初始化”: 从“double”转换到“int”，可能丢失数据
     1>CarPedDetector.cpp(470): warning C4244: “+=”: 从“double”转换到“float”，可能丢失数据
     1>CarPedDetector.cpp(481): warning C4244: “=”: 从“double”转换到“float”，可能丢失数据
     1>CarPedDetector.cpp(405): warning C4101: “CurrentHog”: 未引用的局部变量
     1>CarPedDetector.cpp(875): warning C4244: “=”: 从“double”转换到“int”，可能丢失数据
     1>CarPedDetector.cpp(876): warning C4244: “=”: 从“double”转换到“int”，可能丢失数据
     1>CarPedDetector.cpp(877): warning C4244: “=”: 从“double”转换到“int”，可能丢失数据
     1>CarPedDetector.cpp(878): warning C4244: “=”: 从“double”转换到“int”，可能丢失数据
     1>CarPedDetector.cpp(956): warning C4244: “=”: 从“double”转换到“int”，可能丢失数据
     1>CarPedDetector.cpp(1066): warning C4244: “初始化”: 从“double”转换到“int”，可能丢失数据
     1>CarPedDetector.cpp(1068): warning C4244: “初始化”: 从“double”转换到“int”，可能丢失数据
     1>CarPedDetector.cpp(1069): warning C4244: “初始化”: 从“double”转换到“int”，可能丢失数据
     1>CarPedDetector.cpp(1070): warning C4244: “初始化”: 从“double”转换到“int”，可能丢失数据
     1>CarPedDetector.cpp(1084): warning C4244: “=”: 从“double”转换到“int”，可能丢失数据
     1>CarPedDetector.cpp(1085): warning C4244: “=”: 从“double”转换到“int”，可能丢失数据
     1>CarPedDetector.cpp(1116): warning C4244: “=”: 从“double”转换到“int”，可能丢失数据
     1>CarPedDetector.cpp(1117): warning C4244: “=”: 从“double”转换到“int”，可能丢失数据
     1>CarPedDetector.cpp(1195): warning C4244: “=”: 从“double”转换到“int”，可能丢失数据
     1>CarPedDetector.cpp(1236): warning C4018: “<”: 有符号/无符号不匹配
         CornerFinder.cpp
     1>s:\视频检索\目标跟踪和检测_于帅\摘要备用 - 副本\consoleapplication11\Object.h(36): warning C4244: “参数”: 从“float”转换到“int”，可能丢失数据
     1>CornerFinder.cpp(85): warning C4244: “参数”: 从“float”转换到“int”，可能丢失数据
     1>CornerFinder.cpp(104): warning C4244: “=”: 从“double”转换到“float”，可能丢失数据
     1>CornerFinder.cpp(116): warning C4244: “=”: 从“double”转换到“float”，可能丢失数据
     1>CornerFinder.cpp(137): warning C4244: “初始化”: 从“double”转换到“float”，可能丢失数据
     1>CornerFinder.cpp(145): warning C4305: “return”: 从“double”到“float”截断
         MFTracker.cpp
     1>s:\视频检索\目标跟踪和检测_于帅\摘要备用 - 副本\consoleapplication11\Object.h(36): warning C4244: “参数”: 从“float”转换到“int”，可能丢失数据
     1>MFTracker.cpp(21): warning C4018: “<”: 有符号/无符号不匹配
     1>MFTracker.cpp(399): warning C4244: “初始化”: 从“const float”转换到“int”，可能丢失数据
     1>MFTracker.cpp(400): warning C4244: “初始化”: 从“const float”转换到“int”，可能丢失数据
     1>MFTracker.cpp(401): warning C4244: “初始化”: 从“const float”转换到“int”，可能丢失数据
     1>MFTracker.cpp(402): warning C4244: “初始化”: 从“const float”转换到“int”，可能丢失数据
     1>MFTracker.cpp(411): warning C4244: “初始化”: 从“float”转换到“int”，可能丢失数据
     1>MFTracker.cpp(412): warning C4244: “初始化”: 从“float”转换到“int”，可能丢失数据
     1>MFTracker.cpp(524): warning C4244: “+=”: 从“float”转换到“int”，可能丢失数据
     1>MFTracker.cpp(525): warning C4244: “+=”: 从“float”转换到“int”，可能丢失数据
     1>MFTracker.cpp(586): warning C4244: “初始化”: 从“const float”转换到“int”，可能丢失数据
     1>MFTracker.cpp(587): warning C4244: “初始化”: 从“const float”转换到“int”，可能丢失数据
     1>MFTracker.cpp(588): warning C4244: “初始化”: 从“const float”转换到“int”，可能丢失数据
     1>MFTracker.cpp(589): warning C4244: “初始化”: 从“const float”转换到“int”，可能丢失数据
     1>MFTracker.cpp(669): warning C4244: “初始化”: 从“const float”转换到“int”，可能丢失数据
     1>MFTracker.cpp(670): warning C4244: “初始化”: 从“const float”转换到“int”，可能丢失数据
     1>MFTracker.cpp(671): warning C4244: “初始化”: 从“const float”转换到“int”，可能丢失数据
     1>MFTracker.cpp(672): warning C4244: “初始化”: 从“const float”转换到“int”，可能丢失数据
     1>MFTracker.cpp(732): warning C4244: “初始化”: 从“const double”转换到“int”，可能丢失数据
     1>MFTracker.cpp(770): warning C4101: “stepx”: 未引用的局部变量
     1>MFTracker.cpp(770): warning C4101: “stepy”: 未引用的局部变量
     1>MFTracker.cpp(824): warning C4244: “初始化”: 从“float”转换到“int”，可能丢失数据
     1>MFTracker.cpp(825): warning C4244: “初始化”: 从“float”转换到“int”，可能丢失数据
     1>MFTracker.cpp(905): warning C4244: “return”: 从“double”转换到“float”，可能丢失数据
     1>MFTracker.cpp(823): warning C4101: “dL”: 未引用的局部变量
     1>MFTracker.cpp(823): warning C4101: “dC”: 未引用的局部变量
     1>MFTracker.cpp(926): warning C4305: “初始化”: 从“double”到“float”截断
     1>MFTracker.cpp(1026): warning C4244: “参数”: 从“float”转换到“int”，可能丢失数据
     1>MFTracker.cpp(1030): warning C4244: “参数”: 从“float”转换到“int”，可能丢失数据
     1>MFTracker.cpp(1042): warning C4244: “=”: 从“double”转换到“float”，可能丢失数据
     1>MFTracker.cpp(1043): warning C4244: “=”: 从“double”转换到“float”，可能丢失数据
     1>MFTracker.cpp(1051): warning C4244: “=”: 从“int”转换到“float”，可能丢失数据
     1>MFTracker.cpp(1073): warning C4018: “<”: 有符号/无符号不匹配
     1>MFTracker.cpp(1097): warning C4018: “<”: 有符号/无符号不匹配
     1>MFTracker.cpp(1147): warning C4244: “初始化”: 从“float”转换到“int”，可能丢失数据
     1>MFTracker.cpp(1148): warning C4244: “初始化”: 从“float”转换到“int”，可能丢失数据
     1>MFTracker.cpp(1157): warning C4244: “初始化”: 从“float”转换到“int”，可能丢失数据
     1>MFTracker.cpp(1159): warning C4244: “初始化”: 从“float”转换到“int”，可能丢失数据
     1>MFTracker.cpp(1226): warning C4244: “初始化”: 从“int”转换到“float”，可能丢失数据
     1>MFTracker.cpp(1227): warning C4244: “初始化”: 从“int”转换到“float”，可能丢失数据
     1>MFTracker.cpp(1233): warning C4244: “=”: 从“int”转换到“float”，可能丢失数据
     1>MFTracker.cpp(1234): warning C4244: “=”: 从“int”转换到“float”，可能丢失数据
     1>MFTracker.cpp(1264): warning C4244: “=”: 从“double”转换到“float”，可能丢失数据
     1>MFTracker.cpp(1270): warning C4244: “=”: 从“double”转换到“float”，可能丢失数据
     1>MFTracker.cpp(1281): warning C4244: “参数”: 从“float”转换到“int”，可能丢失数据
     1>MFTracker.cpp(1301): warning C4244: “初始化”: 从“const float”转换到“int”，可能丢失数据
     1>MFTracker.cpp(1302): warning C4244: “初始化”: 从“const float”转换到“int”，可能丢失数据
     1>MFTracker.cpp(1324): warning C4244: “参数”: 从“float”转换到“int”，可能丢失数据
     1>MFTracker.cpp(1325): warning C4244: “参数”: 从“float”转换到“int”，可能丢失数据
     1>MFTracker.cpp(1326): warning C4244: “参数”: 从“float”转换到“int”，可能丢失数据
     1>MFTracker.cpp(1327): warning C4244: “参数”: 从“float”转换到“int”，可能丢失数据
     1>MFTracker.cpp(1334): warning C4244: “=”: 从“float”转换到“int”，可能丢失数据
     1>MFTracker.cpp(1335): warning C4244: “=”: 从“float”转换到“int”，可能丢失数据
     1>MFTracker.cpp(1348): warning C4244: “初始化”: 从“float”转换到“int”，可能丢失数据
     1>MFTracker.cpp(1349): warning C4244: “初始化”: 从“float”转换到“int”，可能丢失数据
     1>MFTracker.cpp(1361): warning C4244: “=”: 从“float”转换到“int”，可能丢失数据
     1>MFTracker.cpp(1362): warning C4244: “=”: 从“float”转换到“int”，可能丢失数据
     1>MFTracker.cpp(1420): warning C4553: “==”: 运算符不起任何作用；是否是有意使用“=”的?
     1>MFTracker.cpp(1438): warning C4244: “=”: 从“double”转换到“float”，可能丢失数据
     1>MFTracker.cpp(1442): warning C4244: “=”: 从“float”转换到“unsigned char”，可能丢失数据
     1>MFTracker.cpp(1443): warning C4244: “=”: 从“float”转换到“unsigned char”，可能丢失数据
     1>MFTracker.cpp(1444): warning C4244: “=”: 从“float”转换到“unsigned char”，可能丢失数据
     1>MFTracker.cpp(1514): warning C4244: “初始化”: 从“float”转换到“int”，可能丢失数据
     1>MFTracker.cpp(1603): warning C4244: “参数”: 从“float”转换到“int”，可能丢失数据
     1>MFTracker.cpp(1614): warning C4244: “参数”: 从“float”转换到“int”，可能丢失数据
     1>MFTracker.cpp(1625): warning C4244: “=”: 从“double”转换到“float”，可能丢失数据
         MoGFGDetector.cpp
     1>s:\视频检索\目标跟踪和检测_于帅\摘要备用 - 副本\consoleapplication11\Object.h(36): warning C4244: “参数”: 从“float”转换到“int”，可能丢失数据
     1>MoGFGDetector.cpp(345): warning C4305: “初始化”: 从“double”到“float”截断
     1>MoGFGDetector.cpp(432): warning C4244: “参数”: 从“float”转换到“int”，可能丢失数据
     1>MoGFGDetector.cpp(461): warning C4244: “=”: 从“int”转换到“float”，可能丢失数据
     1>MoGFGDetector.cpp(462): warning C4244: “=”: 从“int”转换到“float”，可能丢失数据
     1>MoGFGDetector.cpp(162): warning C4101: “fBuff”: 未引用的局部变量
     1>MoGFGDetector.cpp(163): warning C4101: “ucBuff”: 未引用的局部变量
     1>MoGFGDetector.cpp(161): warning C4101: “Sweight2”: 未引用的局部变量
     1>MoGFGDetector.cpp(739): warning C4244: “=”: 从“double”转换到“unsigned char”，可能丢失数据
     1>MoGFGDetector.cpp(740): warning C4244: “=”: 从“double”转换到“unsigned char”，可能丢失数据
     1>MoGFGDetector.cpp(741): warning C4244: “=”: 从“double”转换到“unsigned char”，可能丢失数据
     1>MoGFGDetector.cpp(744): warning C4244: “=”: 从“int”转换到“float”，可能丢失数据
     1>MoGFGDetector.cpp(746): warning C4244: “=”: 从“double”转换到“float”，可能丢失数据
     1>MoGFGDetector.cpp(721): warning C4101: “flagContinue”: 未引用的局部变量
         monitor.cpp
     1>s:\视频检索\目标跟踪和检测_于帅\摘要备用 - 副本\consoleapplication11\object.h(36): warning C4244: “参数”: 从“float”转换到“int”，可能丢失数据
     1>monitor.cpp(178): warning C4018: “<”: 有符号/无符号不匹配
     1>monitor.cpp(211): warning C4244: “参数”: 从“float”转换到“int”，可能丢失数据
     1>monitor.cpp(217): warning C4018: “<”: 有符号/无符号不匹配
     1>monitor.cpp(293): warning C4244: “参数”: 从“float”转换到“int”，可能丢失数据
     1>monitor.cpp(434): warning C4244: “参数”: 从“float”转换到“int”，可能丢失数据
     1>monitor.cpp(435): warning C4244: “参数”: 从“float”转换到“int”，可能丢失数据
     1>monitor.cpp(436): warning C4244: “参数”: 从“float”转换到“int”，可能丢失数据
     1>monitor.cpp(452): warning C4244: “参数”: 从“float”转换到“int”，可能丢失数据
     1>monitor.cpp(453): warning C4244: “参数”: 从“float”转换到“int”，可能丢失数据
     1>monitor.cpp(458): warning C4244: “参数”: 从“float”转换到“int”，可能丢失数据
     1>monitor.cpp(459): warning C4244: “参数”: 从“float”转换到“int”，可能丢失数据
     1>monitor.cpp(474): warning C4244: “参数”: 从“float”转换到“int”，可能丢失数据
     1>monitor.cpp(479): warning C4244: “参数”: 从“float”转换到“int”，可能丢失数据
     1>monitor.cpp(508): warning C4244: “参数”: 从“int”转换到“float”，可能丢失数据
     1>monitor.cpp(526): warning C4244: “参数”: 从“float”转换到“int”，可能丢失数据
     1>monitor.cpp(544): warning C4244: “初始化”: 从“int”转换到“float”，可能丢失数据
     1>monitor.cpp(545): warning C4244: “初始化”: 从“int”转换到“float”，可能丢失数据
     1>monitor.cpp(553): warning C4244: “参数”: 从“int”转换到“float”，可能丢失数据
     1>monitor.cpp(555): warning C4244: “参数”: 从“int”转换到“float”，可能丢失数据
         object.cpp
     1>s:\视频检索\目标跟踪和检测_于帅\摘要备用 - 副本\consoleapplication11\Object.h(36): warning C4244: “参数”: 从“float”转换到“int”，可能丢失数据
         Main.cpp
     1>s:\视频检索\目标跟踪和检测_于帅\摘要备用 - 副本\consoleapplication11\object.h(36): warning C4244: “参数”: 从“float”转换到“int”，可能丢失数据
         Scenerecognition.cpp
     1>Scenerecognition.cpp(162): warning C4244: “初始化”: 从“float”转换到“int”，可能丢失数据
     1>Scenerecognition.cpp(138): warning C4101: “line”: 未引用的局部变量
         StrongTreeClassifier.cpp
     1>StrongTreeClassifier.cpp(120): warning C4244: “return”: 从“float”转换到“int”，可能丢失数据
       Link:
         R:\Microsoft Visual Studio 12.0\VC\bin\link.exe /ERRORREPORT:PROMPT /OUT:"S:\视频检索\目标跟踪和检测_于帅\摘要备用 - 副本\Release\Tracking.exe" /INCREMENTAL:NO /NOLOGO opencv_calib3d249.lib opencv_contrib249.lib opencv_core249.lib opencv_features2d249.lib opencv_flann249.lib opencv_gpu249.lib opencv_highgui249.lib opencv_imgproc249.lib opencv_legacy249.lib opencv_ml249.lib opencv_nonfree249.lib opencv_objdetect249.lib opencv_ocl249.lib opencv_photo249.lib opencv_stitching249.lib opencv_superres249.lib opencv_ts249.lib opencv_video249.lib opencv_videostab249.lib kernel32.lib user32.lib gdi32.lib winspool.lib comdlg32.lib advapi32.lib shell32.lib ole32.lib oleaut32.lib uuid.lib odbc32.lib odbccp32.lib /MANIFEST /MANIFESTUAC:"level='asInvoker' uiAccess='false'" /manifest:embed /DEBUG /PDB:"S:\视频检索\目标跟踪和检测_于帅\摘要备用 - 副本\Release\Tracking.pdb" /SUBSYSTEM:CONSOLE /OPT:REF /OPT:ICF /LTCG /TLBID:1 /DYNAMICBASE /NXCOMPAT /IMPLIB:"S:\视频检索\目标跟踪和检测_于帅\摘要备用 - 副本\Release\Tracking.lib" /MACHINE:X86 /SAFESEH Release\CarPedDetector.obj
         Release\CornerFinder.obj
         Release\MFTracker.obj
         Release\MoGFGDetector.obj
         Release\monitor.obj
         Release\object.obj
         Release\Main.obj
         Release\Scenerecognition.obj
         Release\StrongTreeClassifier.obj
         正在生成代码
         已完成代码的生成
         ConsoleApplication11.vcxproj -> S:\视频检索\目标跟踪和检测_于帅\摘要备用 - 副本\Release\Tracking.exe
     1>已完成生成项目“S:\视频检索\目标跟踪和检测_于帅\摘要备用 - 副本\ConsoleApplication11\ConsoleApplication11.vcxproj”(Rebuild 个目标)的操作。

生成成功。

已用时间 00:00:12.28
