生成启动时间为 2017/5/23 20:00:17。
     1>项目“S:\视频检索\ObjectDetection\VideoRetrieval\VideoRetrieval\VideoRetrieval.vcxproj”在节点 2 上(Build 个目标)。
     1>C:\Program Files (x86)\MSBuild\Microsoft.Cpp\v4.0\V120\Microsoft.CppBuild.targets(388,5): warning MSB8028: The intermediate directory (Release\) contains files shared from another project (Tracking.vcxproj).  This can lead to incorrect clean and rebuild behavior.
     1>ClCompile:
         R:\Microsoft Visual Studio 12.0\VC\bin\CL.exe /c /Zi /nologo /W3 /WX- /sdl /O2 /Oi /Oy- /GL /D WIN32 /D NDEBUG /D _CONSOLE /D _LIB /D _UNICODE /D UNICODE /Gm- /EHsc /MD /GS /Gy /fp:precise /Zc:wchar_t /Zc:forScope /Fo"Release\\" /Fd"Release\vc120.pdb" /Gd /TP /analyze- /errorReport:prompt Main.cpp
         Main.cpp
     1>s:\视频检索\objectdetection\videoretrieval\videoretrieval\Object.h(38): warning C4244: “参数”: 从“float”转换到“int”，可能丢失数据
     1>Main.cpp(110): warning C4018: “<”: 有符号/无符号不匹配
       Link:
         R:\Microsoft Visual Studio 12.0\VC\bin\link.exe /ERRORREPORT:PROMPT /OUT:"S:\视频检索\ObjectDetection\VideoRetrieval\Release\VideoRetrieval.exe" /INCREMENTAL:NO /NOLOGO opencv_objdetect249.lib opencv_ts249.lib opencv_video249.lib opencv_nonfree249.lib opencv_ocl249.lib opencv_photo249.lib opencv_stitching249.lib opencv_superres249.lib opencv_videostab249.lib opencv_calib3d249.lib opencv_contrib249.lib opencv_core249.lib opencv_features2d249.lib opencv_flann249.lib opencv_gpu249.lib opencv_highgui249.lib opencv_imgproc249.lib opencv_legacy249.lib opencv_ml249.lib opencv_ml249d.lib opencv_calib3d249d.lib opencv_contrib249d.lib opencv_core249d.lib opencv_features2d249d.lib opencv_flann249d.lib opencv_gpu249d.lib opencv_highgui249d.lib opencv_imgproc249d.lib opencv_legacy249d.lib opencv_objdetect249d.lib opencv_ts249d.lib opencv_video249d.lib opencv_nonfree249d.lib opencv_ocl249d.lib opencv_photo249d.lib opencv_stitching249d.lib opencv_superres249d.lib opencv_videostab249d.lib kernel32.lib user32.lib gdi32.lib winspool.lib comdlg32.lib advapi32.lib shell32.lib ole32.lib oleaut32.lib uuid.lib odbc32.lib odbccp32.lib /MANIFEST /MANIFESTUAC:"level='asInvoker' uiAccess='false'" /manifest:embed /DEBUG /PDB:"S:\视频检索\ObjectDetection\VideoRetrieval\Release\VideoRetrieval.pdb" /SUBSYSTEM:CONSOLE /OPT:REF /OPT:ICF /LTCG /TLBID:1 /DYNAMICBASE /NXCOMPAT /IMPLIB:"S:\视频检索\ObjectDetection\VideoRetrieval\Release\VideoRetrieval.lib" /MACHINE:X86 /SAFESEH Release\CarPedDetector.obj
         Release\CornerFinder.obj
         Release\GetFeatureAll.obj
         Release\GetFeatureEach.obj
         Release\Main.obj
         Release\MeanShiftClustering.obj
         Release\MeanShiftFunc.obj
         Release\MFTracker.obj
         Release\MoGFGDetector.obj
         Release\Monitor.obj
         Release\Object.obj
         Release\SceneRecognition.obj
         Release\StrongTreeClassifier.obj
         正在生成代码
         已完成代码的生成
         VideoRetrieval.vcxproj -> S:\视频检索\ObjectDetection\VideoRetrieval\Release\VideoRetrieval.exe
     1>已完成生成项目“S:\视频检索\ObjectDetection\VideoRetrieval\VideoRetrieval\VideoRetrieval.vcxproj”(Build 个目标)的操作。

生成成功。

已用时间 00:00:04.90
